<?xml version="1.0" encoding="UTF-8"?>
<testng-results ignored="0" total="2" passed="2" failed="0" skipped="0">
  <reporter-output>
  </reporter-output>
  <suite started-at="2019-08-27T15:24:03Z" name="Salesforce Testing Suite" finished-at="2019-08-27T15:25:14Z" duration-ms="70764">
    <groups>
      <group name="cucumber">
        <method signature="TestRunner.feature(cucumber.api.testng.CucumberFeatureWrapper)[pri:0, instance:MyRunner.TestRunner@4450d156]" name="feature" class="MyRunner.TestRunner"/>
      </group> <!-- cucumber -->
    </groups>
    <test started-at="2019-08-27T15:24:03Z" name="SFDC Testing " finished-at="2019-08-27T15:25:14Z" duration-ms="70764">
      <class name="MyRunner.TestRunner">
        <test-method is-config="true" signature="setUpClass()[pri:0, instance:MyRunner.TestRunner@4450d156]" started-at="2019-08-27T15:24:03Z" name="setUpClass" finished-at="2019-08-27T15:24:04Z" duration-ms="290" status="PASS">
          <reporter-output>
          </reporter-output>
        </test-method> <!-- setUpClass -->
        <test-method signature="feature(cucumber.api.testng.CucumberFeatureWrapper)[pri:0, instance:MyRunner.TestRunner@4450d156]" started-at="2019-08-27T15:24:04Z" name="feature" description="Runs Cucumber Feature" data-provider="features" finished-at="2019-08-27T15:24:28Z" duration-ms="23684" status="PASS">
          <params>
            <param index="0">
              <value>
                <![CDATA[SFDC Login Feature]]>
              </value>
            </param>
          </params>
          <reporter-output>
          </reporter-output>
        </test-method> <!-- feature -->
        <test-method signature="feature(cucumber.api.testng.CucumberFeatureWrapper)[pri:0, instance:MyRunner.TestRunner@4450d156]" started-at="2019-08-27T15:24:28Z" name="feature" description="Runs Cucumber Feature" data-provider="features" finished-at="2019-08-27T15:25:14Z" duration-ms="46628" status="PASS">
          <params>
            <param index="0">
              <value>
                <![CDATA[SFDC Login Feature new]]>
              </value>
            </param>
          </params>
          <reporter-output>
          </reporter-output>
        </test-method> <!-- feature -->
        <test-method is-config="true" signature="tearDownClass()[pri:0, instance:MyRunner.TestRunner@4450d156]" started-at="2019-08-27T15:25:14Z" name="tearDownClass" finished-at="2019-08-27T15:25:14Z" duration-ms="34" status="PASS">
          <reporter-output>
          </reporter-output>
        </test-method> <!-- tearDownClass -->
      </class> <!-- MyRunner.TestRunner -->
    </test> <!-- SFDC Testing  -->
  </suite> <!-- Salesforce Testing Suite -->
</testng-results>
