<?xml version="1.0" encoding="UTF-8"?>
<testng-results skipped="0" failed="0" ignored="0" total="2" passed="2">
  <reporter-output>
  </reporter-output>
  <suite name="Salesforce Testing Suite" duration-ms="203944" started-at="2019-08-28T05:57:24Z" finished-at="2019-08-28T06:00:48Z">
    <groups>
      <group name="cucumber">
        <method signature="TestRunner.feature(cucumber.api.testng.CucumberFeatureWrapper)[pri:0, instance:MyRunner.TestRunner@e81acc7b]" name="feature" class="MyRunner.TestRunner"/>
      </group> <!-- cucumber -->
    </groups>
    <test name="SFDC Testing " duration-ms="203944" started-at="2019-08-28T05:57:24Z" finished-at="2019-08-28T06:00:48Z">
      <class name="MyRunner.TestRunner">
        <test-method status="PASS" signature="setUpClass()[pri:0, instance:MyRunner.TestRunner@e81acc7b]" name="setUpClass" is-config="true" duration-ms="438" started-at="2019-08-28T05:57:24Z" finished-at="2019-08-28T05:57:25Z">
          <reporter-output>
          </reporter-output>
        </test-method> <!-- setUpClass -->
        <test-method status="PASS" signature="feature(cucumber.api.testng.CucumberFeatureWrapper)[pri:0, instance:MyRunner.TestRunner@e81acc7b]" name="feature" duration-ms="69452" started-at="2019-08-28T05:57:25Z" description="Runs Cucumber Feature" data-provider="features" finished-at="2019-08-28T05:58:34Z">
          <params>
            <param index="0">
              <value>
                <![CDATA[SFDC Login Feature]]>
              </value>
            </param>
          </params>
          <reporter-output>
          </reporter-output>
        </test-method> <!-- feature -->
        <test-method status="PASS" signature="feature(cucumber.api.testng.CucumberFeatureWrapper)[pri:0, instance:MyRunner.TestRunner@e81acc7b]" name="feature" duration-ms="133830" started-at="2019-08-28T05:58:34Z" description="Runs Cucumber Feature" data-provider="features" finished-at="2019-08-28T06:00:48Z">
          <params>
            <param index="0">
              <value>
                <![CDATA[SFDC Login Feature new]]>
              </value>
            </param>
          </params>
          <reporter-output>
          </reporter-output>
        </test-method> <!-- feature -->
        <test-method status="PASS" signature="tearDownClass()[pri:0, instance:MyRunner.TestRunner@e81acc7b]" name="tearDownClass" is-config="true" duration-ms="72" started-at="2019-08-28T06:00:48Z" finished-at="2019-08-28T06:00:48Z">
          <reporter-output>
          </reporter-output>
        </test-method> <!-- tearDownClass -->
      </class> <!-- MyRunner.TestRunner -->
    </test> <!-- SFDC Testing  -->
  </suite> <!-- Salesforce Testing Suite -->
</testng-results>
